[10:55:16] [main/INFO] (FabricLoader/GameProvider) Loading Minecraft 1.19.4 with Fabric Loader 0.15.11
[10:55:17] [main/INFO] (FabricLoader) Loading 57 mods:
	- fabric-api 0.87.2+1.19.4
	- fabric-api-base 0.4.28+737a6ee8f4
	- fabric-api-lookup-api-v1 1.6.29+504944c8f4
	- fabric-biome-api-v1 13.0.10+6b242079f4
	- fabric-block-api-v1 1.0.8+e022e5d1f4
	- fabric-blockrenderlayer-v1 1.1.38+10ce000ff4
	- fabric-client-tags-api-v1 1.1.1+0eee1254f4
	- fabric-command-api-v1 1.2.31+f71b366ff4
	- fabric-command-api-v2 2.2.10+10ce000ff4
	- fabric-commands-v0 0.2.48+df3654b3f4
	- fabric-containers-v0 0.1.59+df3654b3f4
	- fabric-content-registries-v0 3.5.14+10ce000ff4
	- fabric-convention-tags-v1 1.5.3+6d727b51f4
	- fabric-crash-report-info-v1 0.2.17+aeb40ebef4
	- fabric-data-generation-api-v1 11.5.2+26f09d40f4
	- fabric-dimensions-v1 2.1.50+44c9c860f4
	- fabric-entity-events-v1 1.5.17+10ce000ff4
	- fabric-events-interaction-v0 0.6.1+4b6b93f0f4
	- fabric-events-lifecycle-v0 0.2.56+df3654b3f4
	- fabric-game-rule-api-v1 1.0.36+3f657af2f4
	- fabric-gametest-api-v1 1.2.9+10ce000ff4
	- fabric-item-api-v1 2.1.21+10ce000ff4
	- fabric-item-group-api-v1 3.0.10+8400c67ef4
	- fabric-key-binding-api-v1 1.0.35+504944c8f4
	- fabric-keybindings-v0 0.2.33+df3654b3f4
	- fabric-lifecycle-events-v1 2.2.19+10ce000ff4
	- fabric-loot-api-v2 1.1.32+10ce000ff4
	- fabric-loot-tables-v1 1.1.36+9e7660c6f4
	- fabric-message-api-v1 5.1.5+53c11dadf4
	- fabric-mining-level-api-v1 2.1.44+10ce000ff4
	- fabric-model-loading-api-v1 1.0.2+3a1ea2f1f4
	- fabric-models-v0 0.4.1+a0255436f4
	- fabric-networking-api-v1 1.3.6+ae9c4c6af4
	- fabric-networking-v0 0.3.46+df3654b3f4
	- fabric-object-builder-api-v1 7.1.1+d63b52eaf4
	- fabric-particles-v1 1.1.1+86d48884f4
	- fabric-recipe-api-v1 1.0.13+10ce000ff4
	- fabric-registry-sync-v0 2.3.2+95ae8716f4
	- fabric-renderer-api-v1 2.4.2+90110d8df4
	- fabric-renderer-indigo 1.4.2+90110d8df4
	- fabric-renderer-registries-v1 3.2.42+df3654b3f4
	- fabric-rendering-data-attachment-v1 0.3.32+10ce000ff4
	- fabric-rendering-fluids-v1 3.0.25+10ce000ff4
	- fabric-rendering-v0 1.1.45+df3654b3f4
	- fabric-rendering-v1 2.1.5+10ce000ff4
	- fabric-resource-conditions-api-v1 2.3.3+10ce000ff4
	- fabric-resource-loader-v0 0.11.7+8400c67ef4
	- fabric-screen-api-v1 1.0.49+10ce000ff4
	- fabric-screen-handler-api-v1 1.3.25+10ce000ff4
	- fabric-sound-api-v1 1.0.11+10ce000ff4
	- fabric-transfer-api-v1 3.3.1+602c17c7f4
	- fabric-transitive-access-wideners-v1 3.3.0+1b5f819af4
	- fabricloader 0.15.11
	- java 17
	- lovecraftmod 0.0.1-1.19.4
	- minecraft 1.19.4
	- mixinextras 0.3.5
[10:55:17] [main/INFO] (FabricLoader/Mixin) SpongePowered MIXIN Subsystem Version=0.8.5 Source=file:/C:/Users/das/.gradle/caches/modules-2/files-2.1/net.fabricmc/sponge-mixin/0.13.3+mixin.0.8.5/9527e6b0d2449408958fd1302594dc65ec5ade9c/sponge-mixin-0.13.3+mixin.0.8.5.jar Service=Knot/Fabric Env=CLIENT
[10:55:17] [main/INFO] (FabricLoader/Mixin) Loaded Fabric development mappings for mixin remapper!
[10:55:18] [main/INFO] (FabricLoader/Mixin) Compatibility level set to JAVA_16
[10:55:18] [main/INFO] (FabricLoader/Mixin) Compatibility level set to JAVA_17
[10:55:20] [main/INFO] (FabricLoader/MixinExtras|Service) Initializing MixinExtras via com.llamalad7.mixinextras.service.MixinExtrasServiceImpl(version=0.3.5).
[10:55:30] [Datafixer Bootstrap/INFO] (Minecraft) 180 Datafixer optimizations took 411 milliseconds
[10:55:35] [Render thread/INFO] (Minecraft) Environment: authHost='https://authserver.mojang.com', accountsHost='https://api.mojang.com', sessionHost='https://sessionserver.mojang.com', servicesHost='https://api.minecraftservices.com', name='PROD'
[10:55:35] [Render thread/ERROR] (Minecraft) Failed to verify authentication
com.mojang.authlib.exceptions.InvalidCredentialsException: Status: 401
	at com.mojang.authlib.exceptions.MinecraftClientHttpException.toAuthenticationException(MinecraftClientHttpException.java:56) ~[authlib-3.18.38.jar:?]
	at com.mojang.authlib.yggdrasil.YggdrasilUserApiService.fetchProperties(YggdrasilUserApiService.java:156) ~[authlib-3.18.38.jar:?]
	at com.mojang.authlib.yggdrasil.YggdrasilUserApiService.<init>(YggdrasilUserApiService.java:55) ~[authlib-3.18.38.jar:?]
	at com.mojang.authlib.yggdrasil.YggdrasilAuthenticationService.createUserApiService(YggdrasilAuthenticationService.java:161) ~[authlib-3.18.38.jar:?]
	at net.minecraft.client.MinecraftClient.createUserApiService(MinecraftClient.java:712) ~[minecraft-merged-3b1fc6157b-1.19.4-net.fabricmc.yarn.1_19_4.1.19.4+build.2-v2.jar:?]
	at net.minecraft.client.MinecraftClient.<init>(MinecraftClient.java:506) ~[minecraft-merged-3b1fc6157b-1.19.4-net.fabricmc.yarn.1_19_4.1.19.4+build.2-v2.jar:?]
	at net.minecraft.client.main.Main.main(Main.java:178) ~[minecraft-merged-3b1fc6157b-1.19.4-net.fabricmc.yarn.1_19_4.1.19.4+build.2-v2.jar:?]
	at net.fabricmc.loader.impl.game.minecraft.MinecraftGameProvider.launch(MinecraftGameProvider.java:470) ~[fabric-loader-0.15.11.jar:?]
	at net.fabricmc.loader.impl.launch.knot.Knot.launch(Knot.java:74) ~[fabric-loader-0.15.11.jar:?]
	at net.fabricmc.loader.impl.launch.knot.KnotClient.main(KnotClient.java:23) ~[fabric-loader-0.15.11.jar:?]
	at net.fabricmc.devlaunchinjector.Main.main(Main.java:86) ~[dev-launch-injector-0.2.1+build.8.jar:?]
Caused by: com.mojang.authlib.exceptions.MinecraftClientHttpException: Status: 401
	at com.mojang.authlib.minecraft.client.MinecraftClient.readInputStream(MinecraftClient.java:85) ~[authlib-3.18.38.jar:?]
	at com.mojang.authlib.minecraft.client.MinecraftClient.get(MinecraftClient.java:48) ~[authlib-3.18.38.jar:?]
	at com.mojang.authlib.yggdrasil.YggdrasilUserApiService.fetchProperties(YggdrasilUserApiService.java:129) ~[authlib-3.18.38.jar:?]
	... 9 more
[10:55:35] [Render thread/INFO] (Minecraft) Setting user: Player655
[10:55:36] [Render thread/INFO] (lovecraftmod) Registering lovecraftmod Sound
[10:55:36] [Render thread/INFO] (Indigo) [Indigo] Registering Indigo renderer!
[10:55:37] [Render thread/INFO] (Minecraft) Backend library: LWJGL version 3.3.1 SNAPSHOT
[10:55:39] [Render thread/INFO] (Minecraft) Reloading ResourceManager: vanilla, fabric (fabric-mining-level-api-v1, fabric-transfer-api-v1, fabric-containers-v0, fabric-commands-v0, fabric-rendering-fluids-v1, fabric-content-registries-v0, fabric-registry-sync-v0, fabric-model-loading-api-v1, fabric-screen-handler-api-v1, fabric-blockrenderlayer-v1, fabric-api-lookup-api-v1, fabric-renderer-registries-v1, fabric-renderer-api-v1, fabric-dimensions-v1, fabric-object-builder-api-v1, fabric-lifecycle-events-v1, fabric-key-binding-api-v1, fabric-rendering-v1, fabric-loot-tables-v1, fabric-resource-conditions-api-v1, fabric-api-base, fabric-biome-api-v1, fabric-game-rule-api-v1, fabric-rendering-v0, fabric-api, fabric-item-api-v1, fabricloader, fabric-entity-events-v1, fabric-resource-loader-v0, fabric-networking-v0, fabric-loot-api-v2, fabric-convention-tags-v1, fabric-keybindings-v0, fabric-renderer-indigo, fabric-models-v0, fabric-command-api-v2, fabric-particles-v1, fabric-command-api-v1, fabric-client-tags-api-v1, fabric-block-api-v1, fabric-crash-report-info-v1, fabric-screen-api-v1, fabric-networking-api-v1, fabric-events-lifecycle-v0, fabric-message-api-v1, fabric-gametest-api-v1, lovecraftmod, fabric-item-group-api-v1, fabric-transitive-access-wideners-v1, fabric-recipe-api-v1, fabric-sound-api-v1, fabric-data-generation-api-v1, fabric-events-interaction-v0, fabric-rendering-data-attachment-v1)
[10:55:39] [Render thread/INFO] (lovecraftmod) This line is printed by an example mod mixin!
[10:55:40] [Realms Notification Availability checker #1/INFO] (Minecraft) Could not authorize you against Realms server: Invalid session id
[10:55:42] [Render thread/WARN] (Minecraft) Missing sound for event: minecraft:item.brush.brushing
[10:55:42] [Render thread/WARN] (Minecraft) Missing sound for event: minecraft:item.brush.brush_sand_completed
[10:55:42] [Render thread/WARN] (Minecraft) Missing sound for event: minecraft:item.goat_horn.play
[10:55:42] [Render thread/WARN] (Minecraft) Missing sound for event: minecraft:entity.goat.screaming.horn_break
[10:55:42] [Render thread/WARN] (Minecraft) Missing sound for event: minecraft:music.overworld.cherry_grove
[10:55:42] [Render thread/INFO] (Minecraft) OpenAL initialized on device OpenAL Soft on ???????? (High Definition Audio Device)
[10:55:42] [Render thread/INFO] (Minecraft) Sound engine started
[10:55:42] [Render thread/INFO] (Minecraft) Created: 1024x512x4 minecraft:textures/atlas/blocks.png-atlas
[10:55:42] [Render thread/INFO] (Minecraft) Created: 256x256x4 minecraft:textures/atlas/signs.png-atlas
[10:55:43] [Render thread/INFO] (Minecraft) Created: 512x512x4 minecraft:textures/atlas/shield_patterns.png-atlas
[10:55:43] [Render thread/INFO] (Minecraft) Created: 512x512x4 minecraft:textures/atlas/banner_patterns.png-atlas
[10:55:43] [Render thread/INFO] (Minecraft) Created: 1024x1024x4 minecraft:textures/atlas/armor_trims.png-atlas
[10:55:43] [Render thread/INFO] (Minecraft) Created: 64x64x4 minecraft:textures/atlas/decorated_pot.png-atlas
[10:55:43] [Render thread/INFO] (Minecraft) Created: 256x256x4 minecraft:textures/atlas/chest.png-atlas
[10:55:43] [Render thread/INFO] (Minecraft) Created: 512x256x4 minecraft:textures/atlas/shulker_boxes.png-atlas
[10:55:43] [Render thread/INFO] (Minecraft) Created: 512x256x4 minecraft:textures/atlas/beds.png-atlas
[10:55:43] [Render thread/WARN] (Minecraft) Shader rendertype_entity_translucent_emissive could not find sampler named Sampler2 in the specified shader program.
[10:55:43] [Render thread/INFO] (Minecraft) Created: 256x256x0 minecraft:textures/atlas/particles.png-atlas
[10:55:43] [Render thread/INFO] (Minecraft) Created: 256x256x0 minecraft:textures/atlas/paintings.png-atlas
[10:55:43] [Render thread/INFO] (Minecraft) Created: 128x128x0 minecraft:textures/atlas/mob_effects.png-atlas
[10:55:43] [Render thread/INFO] (lovecraftmod) This line is printed by an example mod mixin!
[10:55:47] [Render thread/INFO] (lovecraftmod) This line is printed by an example mod mixin!
[10:55:49] [Render thread/INFO] (Minecraft) Deleting level New World
[10:55:49] [Render thread/INFO] (Minecraft) Attempt 1...
[10:55:51] [Render thread/INFO] (Minecraft) Loaded 7 recipes
[10:55:52] [Render thread/INFO] (Minecraft) Loaded 1179 advancements
[10:55:54] [Render thread/INFO] (Minecraft) Loaded 7 recipes
[10:55:54] [Render thread/INFO] (Minecraft) Loaded 1179 advancements
[10:55:57] [Render thread/INFO] (BiomeModificationImpl) Applied 0 biome modifications to 0 of 63 new biomes in 3.084 ms
[10:55:57] [Server thread/INFO] (Minecraft) Starting integrated minecraft server version 1.19.4
[10:55:57] [Server thread/INFO] (Minecraft) Generating keypair
[10:56:04] [Server thread/INFO] (Minecraft) Preparing start region for dimension minecraft:overworld
[10:56:06] [Render thread/INFO] (Minecraft) Preparing spawn area: 0%
[10:56:06] [Render thread/INFO] (Minecraft) Preparing spawn area: 0%
[10:56:06] [Render thread/INFO] (Minecraft) Preparing spawn area: 0%
[10:56:06] [Render thread/INFO] (Minecraft) Preparing spawn area: 0%
[10:56:06] [Render thread/INFO] (Minecraft) Preparing spawn area: 0%
[10:56:07] [Render thread/INFO] (Minecraft) Preparing spawn area: 0%
[10:56:07] [Render thread/INFO] (Minecraft) Preparing spawn area: 0%
[10:56:08] [Render thread/INFO] (Minecraft) Preparing spawn area: 0%
[10:56:08] [Render thread/INFO] (Minecraft) Preparing spawn area: 1%
[10:56:09] [Render thread/INFO] (Minecraft) Preparing spawn area: 2%
[10:56:09] [Render thread/INFO] (Minecraft) Preparing spawn area: 3%
[10:56:10] [Render thread/INFO] (Minecraft) Preparing spawn area: 4%
[10:56:10] [Render thread/INFO] (Minecraft) Preparing spawn area: 5%
[10:56:11] [Render thread/INFO] (Minecraft) Preparing spawn area: 6%
[10:56:11] [Render thread/INFO] (Minecraft) Preparing spawn area: 7%
[10:56:12] [Render thread/INFO] (Minecraft) Preparing spawn area: 9%
[10:56:12] [Render thread/INFO] (Minecraft) Preparing spawn area: 10%
[10:56:13] [Render thread/INFO] (Minecraft) Preparing spawn area: 11%
[10:56:13] [Render thread/INFO] (Minecraft) Preparing spawn area: 12%
[10:56:14] [Render thread/INFO] (Minecraft) Preparing spawn area: 14%
[10:56:14] [Render thread/INFO] (Minecraft) Preparing spawn area: 16%
[10:56:15] [Render thread/INFO] (Minecraft) Preparing spawn area: 17%
[10:56:17] [Render thread/INFO] (Minecraft) Preparing spawn area: 17%
[10:56:17] [Render thread/INFO] (Minecraft) Preparing spawn area: 17%
[10:56:17] [Render thread/INFO] (Minecraft) Preparing spawn area: 17%
[10:56:17] [Render thread/INFO] (Minecraft) Preparing spawn area: 17%
[10:56:17] [Render thread/INFO] (Minecraft) Preparing spawn area: 18%
[10:56:18] [Render thread/INFO] (Minecraft) Preparing spawn area: 20%
[10:56:18] [Render thread/INFO] (Minecraft) Preparing spawn area: 22%
[10:56:19] [Render thread/INFO] (Minecraft) Preparing spawn area: 24%
[10:56:19] [Render thread/INFO] (Minecraft) Preparing spawn area: 25%
[10:56:20] [Render thread/INFO] (Minecraft) Preparing spawn area: 27%
[10:56:20] [Render thread/INFO] (Minecraft) Preparing spawn area: 28%
[10:56:21] [Render thread/INFO] (Minecraft) Preparing spawn area: 31%
[10:56:21] [Render thread/INFO] (Minecraft) Preparing spawn area: 32%
[10:56:22] [Render thread/INFO] (Minecraft) Preparing spawn area: 34%
[10:56:22] [Render thread/INFO] (Minecraft) Preparing spawn area: 35%
[10:56:23] [Render thread/INFO] (Minecraft) Preparing spawn area: 37%
[10:56:23] [Render thread/INFO] (Minecraft) Preparing spawn area: 39%
[10:56:24] [Render thread/INFO] (Minecraft) Preparing spawn area: 42%
[10:56:24] [Render thread/INFO] (Minecraft) Preparing spawn area: 43%
[10:56:25] [Render thread/INFO] (Minecraft) Preparing spawn area: 45%
[10:56:25] [Render thread/INFO] (Minecraft) Preparing spawn area: 47%
[10:56:26] [Render thread/INFO] (Minecraft) Preparing spawn area: 49%
[10:56:26] [Render thread/INFO] (Minecraft) Preparing spawn area: 51%
[10:56:27] [Render thread/INFO] (Minecraft) Preparing spawn area: 54%
[10:56:27] [Render thread/INFO] (Minecraft) Preparing spawn area: 55%
[10:56:28] [Render thread/INFO] (Minecraft) Preparing spawn area: 56%
[10:56:28] [Render thread/INFO] (Minecraft) Preparing spawn area: 59%
[10:56:29] [Render thread/INFO] (Minecraft) Preparing spawn area: 61%
[10:56:30] [Render thread/INFO] (Minecraft) Preparing spawn area: 63%
[10:56:30] [Render thread/INFO] (Minecraft) Preparing spawn area: 64%
[10:56:30] [Render thread/INFO] (Minecraft) Preparing spawn area: 67%
[10:56:31] [Render thread/INFO] (Minecraft) Preparing spawn area: 68%
[10:56:31] [Render thread/INFO] (Minecraft) Preparing spawn area: 69%
[10:56:32] [Render thread/INFO] (Minecraft) Preparing spawn area: 71%
[10:56:32] [Render thread/INFO] (Minecraft) Preparing spawn area: 73%
[10:56:33] [Render thread/INFO] (Minecraft) Preparing spawn area: 75%
[10:56:33] [Render thread/INFO] (Minecraft) Preparing spawn area: 77%
[10:56:34] [Render thread/INFO] (Minecraft) Preparing spawn area: 79%
[10:56:34] [Render thread/INFO] (Minecraft) Preparing spawn area: 81%
[10:56:35] [Render thread/INFO] (Minecraft) Preparing spawn area: 83%
[10:56:36] [Render thread/INFO] (Minecraft) Preparing spawn area: 85%
[10:56:36] [Render thread/INFO] (Minecraft) Preparing spawn area: 87%
[10:56:36] [Render thread/INFO] (Minecraft) Preparing spawn area: 89%
[10:56:37] [Render thread/INFO] (Minecraft) Preparing spawn area: 91%
[10:56:37] [Render thread/INFO] (Minecraft) Preparing spawn area: 93%
[10:56:38] [Render thread/INFO] (Minecraft) Preparing spawn area: 95%
[10:56:38] [Render thread/INFO] (Minecraft) Preparing spawn area: 99%
[10:56:38] [Render thread/INFO] (Minecraft) Time elapsed: 34059 ms
[10:56:39] [Server thread/INFO] (Minecraft) Changing view distance to 6, from 10
[10:56:39] [Server thread/INFO] (Minecraft) Changing simulation distance to 6, from 0
[10:56:40] [Server thread/INFO] (Minecraft) Player655[local:E:d4344103] logged in with entity id 313 at (-57.5, 94.0, 64.5)
[10:56:40] [Server thread/INFO] (Minecraft) Player655 joined the game
[10:56:42] [Render thread/INFO] (Minecraft) Loaded 2 advancements
[10:56:42] [Server thread/WARN] (Minecraft) Can't keep up! Is the server overloaded? Running 2008ms or 40 ticks behind
[10:57:43] [Server thread/INFO] (Minecraft) Saving and pausing game...
[10:57:43] [Server thread/INFO] (Minecraft) Saving chunks for level 'ServerLevel[New World]'/minecraft:overworld
[10:57:43] [Server thread/INFO] (Minecraft) Saving chunks for level 'ServerLevel[New World]'/minecraft:the_end
[10:57:43] [Server thread/INFO] (Minecraft) Saving chunks for level 'ServerLevel[New World]'/minecraft:the_nether
[10:57:46] [Render thread/INFO] (Minecraft) Stopping!
[10:57:46] [Server thread/INFO] (Minecraft) Player655 lost connection: Disconnected
[10:57:46] [Server thread/INFO] (Minecraft) Player655 left the game
[10:57:46] [Server thread/INFO] (Minecraft) Stopping singleplayer server as player logged out
[10:57:46] [Server thread/INFO] (Minecraft) Stopping server
[10:57:46] [Server thread/INFO] (Minecraft) Saving players
[10:57:46] [Server thread/INFO] (Minecraft) Saving worlds
[10:57:48] [Server thread/INFO] (Minecraft) Saving chunks for level 'ServerLevel[New World]'/minecraft:overworld
[10:57:48] [Server thread/INFO] (Minecraft) Saving chunks for level 'ServerLevel[New World]'/minecraft:the_end
[10:57:48] [Server thread/INFO] (Minecraft) Saving chunks for level 'ServerLevel[New World]'/minecraft:the_nether
[10:57:48] [Server thread/INFO] (Minecraft) ThreadedAnvilChunkStorage (New World): All chunks are saved
[10:57:48] [Server thread/INFO] (Minecraft) ThreadedAnvilChunkStorage (DIM1): All chunks are saved
[10:57:48] [Server thread/INFO] (Minecraft) ThreadedAnvilChunkStorage (DIM-1): All chunks are saved
[10:57:48] [Server thread/INFO] (Minecraft) ThreadedAnvilChunkStorage: All dimensions are saved
